<?xml version="1.0" encoding="utf-8"?><testsuites name="pytest tests"><testsuite name="pytest" errors="0" failures="0" skipped="0" tests="27" time="0.399" timestamp="2026-05-17T21:20:34.138141-04:00" hostname="MacBook-Pro-20.local"><testcase classname="tests.tatamishot.test_main" name="test_selected_audio_ids_empty_session" time="0.001" /><testcase classname="tests.tatamishot.test_main" name="test_selected_audio_ids_no_selected_streams" time="0.000" /><testcase classname="tests.tatamishot.test_main" name="test_selected_audio_ids_returns_selected_id" time="0.000" /><testcase classname="tests.tatamishot.test_main" name="test_selected_audio_ids_ignores_non_audio_streams" time="0.000" /><testcase classname="tests.tatamishot.test_main" name="test_selected_audio_ids_multiple_selected" time="0.000" /><testcase classname="tests.tatamishot.test_main" name="test_selected_audio_ids_skips_empty_id" time="0.000" /><testcase classname="tests.tatamishot.test_main" name="test_parse_media_metadata_empty" time="0.000" /><testcase classname="tests.tatamishot.test_main" name="test_parse_media_metadata_extracts_file_path" time="0.000" /><testcase classname="tests.tatamishot.test_main" name="test_parse_media_metadata_skips_non_audio_streams" time="0.000" /><testcase classname="tests.tatamishot.test_main" name="test_parse_media_metadata_marks_stream_selected_by_id" time="0.000" /><testcase classname="tests.tatamishot.test_main" name="test_parse_media_metadata_marks_stream_selected_by_flag" time="0.000" /><testcase classname="tests.tatamishot.test_main" name="test_parse_media_metadata_label_falls_back_to_title" time="0.000" /><testcase classname="tests.tatamishot.test_main" name="test_parse_media_metadata_label_falls_back_to_track_number" time="0.000" /><testcase classname="tests.tatamishot.test_main" name="test_parse_media_metadata_audio_index_set_to_first_selected" time="0.000" /><testcase classname="tests.tatamishot.test_main" name="test_translate_path_no_op_when_host_dir_empty" time="0.001" /><testcase classname="tests.tatamishot.test_main" name="test_translate_path_rewrites_host_prefix" time="0.000" /><testcase classname="tests.tatamishot.test_main" name="test_translate_path_no_op_when_path_does_not_match" time="0.000" /><testcase classname="tests.tatamishot.test_main" name="test_validate_path_raises_422_for_missing_file" time="0.005" /><testcase classname="tests.tatamishot.test_main" name="test_validate_path_passes_for_existing_file" time="0.001" /><testcase classname="tests.tatamishot.test_main" name="test_job_status_404_for_unknown_job" time="0.004" /><testcase classname="tests.tatamishot.test_main" name="test_job_status_returns_job" time="0.003" /><testcase classname="tests.tatamishot.test_main" name="test_output_404_for_unknown_job" time="0.002" /><testcase classname="tests.tatamishot.test_main" name="test_output_409_when_job_not_done" time="0.002" /><testcase classname="tests.tatamishot.test_main" name="test_output_404_when_file_missing_from_disk" time="0.002" /><testcase classname="tests.tatamishot.test_main" name="test_clip_422_when_end_before_start" time="0.003" /><testcase classname="tests.tatamishot.test_main" name="test_clip_422_when_file_missing" time="0.002" /><testcase classname="tests.tatamishot.test_main" name="test_frame_422_when_file_missing" time="0.003" /></testsuite></testsuites>